Nailytics/app/build/intermediates/manifest_merge_blame_file/debug/processDebugMainManifest/manifest-merger-blame-debug-report.txt
1<?xml version="1.0" encoding="utf-8"?>
2<manifest xmlns:android="http://schemas.android.com/apk/res/android"
3    package="com.example.nailytics"
4    android:versionCode="1"
5    android:versionName="1.0" >
6
7    <uses-sdk
8        android:minSdkVersion="24"
9        android:targetSdkVersion="36" />
10
11    <permission
11-->[androidx.core:core:1.13.1] AndroidManifest.xml:22:5-24:47
12        android:name="com.example.nailytics.DYNAMIC_RECEIVER_NOT_EXPORTED_PERMISSION"
12-->[androidx.core:core:1.13.1] AndroidManifest.xml:23:9-81
13        android:protectionLevel="signature" />
13-->[androidx.core:core:1.13.1] AndroidManifest.xml:24:9-44
14
15    <uses-permission android:name="com.example.nailytics.DYNAMIC_RECEIVER_NOT_EXPORTED_PERMISSION" />
15-->[androidx.core:core:1.13.1] AndroidManifest.xml:26:5-97
15-->[androidx.core:core:1.13.1] AndroidManifest.xml:26:22-94
16
17    <application
17-->src/main/AndroidManifest.xml:5:5-85:19
18        android:allowBackup="true"
18-->src/main/AndroidManifest.xml:6:9-35
19        android:appComponentFactory="androidx.core.app.CoreComponentFactory"
19-->[androidx.core:core:1.13.1] AndroidManifest.xml:28:18-86
20        android:dataExtractionRules="@xml/data_extraction_rules"
20-->src/main/AndroidManifest.xml:7:9-65
21        android:debuggable="true"
22        android:extractNativeLibs="false"
23        android:fullBackupContent="@xml/backup_rules"
23-->src/main/AndroidManifest.xml:8:9-54
24        android:icon="@mipmap/ic_launcher"
24-->src/main/AndroidManifest.xml:9:9-43
25        android:label="@string/app_name"
25-->src/main/AndroidManifest.xml:10:9-41
26        android:roundIcon="@mipmap/ic_launcher_round"
26-->src/main/AndroidManifest.xml:11:9-54
27        android:supportsRtl="true"
27-->src/main/AndroidManifest.xml:12:9-35
28        android:testOnly="true"
29        android:theme="@style/Theme.Nailytics" >
29-->src/main/AndroidManifest.xml:13:9-47
30        <activity
30-->src/main/AndroidManifest.xml:14:9-26:20
31            android:name="com.example.nailytics.Main1_Activity"
31-->src/main/AndroidManifest.xml:15:13-43
32            android:exported="true"
32-->src/main/AndroidManifest.xml:16:13-36
33            android:label="@string/app_name"
33-->src/main/AndroidManifest.xml:17:13-45
34            android:theme="@style/Theme.Nailytics" >
34-->src/main/AndroidManifest.xml:18:13-51
35
36            <!-- The Activity with this part is the first screen that opens -->
37            <intent-filter>
37-->src/main/AndroidManifest.xml:21:13-25:29
38                <action android:name="android.intent.action.MAIN" />
38-->src/main/AndroidManifest.xml:22:17-69
38-->src/main/AndroidManifest.xml:22:25-66
39
40                <category android:name="android.intent.category.LAUNCHER" />
40-->src/main/AndroidManifest.xml:24:17-77
40-->src/main/AndroidManifest.xml:24:27-74
41            </intent-filter>
42        </activity>
43        <activity
43-->src/main/AndroidManifest.xml:28:9-32:20
44            android:name="com.example.nailytics.Main2_Searching_For_Nix_Activity"
44-->src/main/AndroidManifest.xml:29:13-61
45            android:exported="true"
45-->src/main/AndroidManifest.xml:30:13-36
46            android:theme="@style/Theme.Nailytics" >
46-->src/main/AndroidManifest.xml:31:13-51
47        </activity>
48        <activity
48-->src/main/AndroidManifest.xml:34:9-38:20
49            android:name="com.example.nailytics.Main3_Changing_Colors_Activity"
49-->src/main/AndroidManifest.xml:35:13-59
50            android:exported="true"
50-->src/main/AndroidManifest.xml:36:13-36
51            android:theme="@style/Theme.Nailytics" >
51-->src/main/AndroidManifest.xml:37:13-51
52        </activity>
53        <activity
53-->src/main/AndroidManifest.xml:40:9-44:20
54            android:name="com.example.nailytics.Main4_Choosing_Nix_Device_Activity"
54-->src/main/AndroidManifest.xml:41:13-63
55            android:exported="true"
55-->src/main/AndroidManifest.xml:42:13-36
56            android:theme="@style/Theme.Nailytics" >
56-->src/main/AndroidManifest.xml:43:13-51
57        </activity>
58        <activity
58-->src/main/AndroidManifest.xml:46:9-50:20
59            android:name="com.example.nailytics.Main5_Analyze_Color_Activity"
59-->src/main/AndroidManifest.xml:47:13-57
60            android:exported="true"
60-->src/main/AndroidManifest.xml:48:13-36
61            android:theme="@style/Theme.Nailytics" >
61-->src/main/AndroidManifest.xml:49:13-51
62        </activity>
63        <activity
63-->src/main/AndroidManifest.xml:52:9-56:20
64            android:name="com.example.nailytics.Main6_Results_Activity"
64-->src/main/AndroidManifest.xml:53:13-51
65            android:exported="true"
65-->src/main/AndroidManifest.xml:54:13-36
66            android:theme="@style/Theme.Nailytics" >
66-->src/main/AndroidManifest.xml:55:13-51
67        </activity>
68        <activity
68-->src/main/AndroidManifest.xml:58:9-62:20
69            android:name="com.example.nailytics.Summary_Main_Activity"
69-->src/main/AndroidManifest.xml:59:13-50
70            android:exported="true"
70-->src/main/AndroidManifest.xml:60:13-36
71            android:theme="@style/Theme.Nailytics" >
71-->src/main/AndroidManifest.xml:61:13-51
72        </activity>
73        <activity
73-->src/main/AndroidManifest.xml:64:9-68:20
74            android:name="com.example.nailytics.Summary_Pattern_Activity"
74-->src/main/AndroidManifest.xml:65:13-53
75            android:exported="true"
75-->src/main/AndroidManifest.xml:66:13-36
76            android:theme="@style/Theme.Nailytics" >
76-->src/main/AndroidManifest.xml:67:13-51
77        </activity>
78        <activity
78-->src/main/AndroidManifest.xml:71:9-75:20
79            android:name="com.example.nailytics.Profile_Main_Activity"
79-->src/main/AndroidManifest.xml:72:13-50
80            android:exported="true"
80-->src/main/AndroidManifest.xml:73:13-36
81            android:theme="@style/Theme.Nailytics" >
81-->src/main/AndroidManifest.xml:74:13-51
82        </activity>
83        <activity
83-->src/main/AndroidManifest.xml:77:9-81:20
84            android:name="com.example.nailytics.Profile_Login_Activity"
84-->src/main/AndroidManifest.xml:78:13-51
85            android:exported="true"
85-->src/main/AndroidManifest.xml:79:13-36
86            android:theme="@style/Theme.Nailytics" >
86-->src/main/AndroidManifest.xml:80:13-51
87        </activity>
88        <activity
88-->[androidx.compose.ui:ui-tooling-android:1.7.0] AndroidManifest.xml:23:9-25:39
89            android:name="androidx.compose.ui.tooling.PreviewActivity"
89-->[androidx.compose.ui:ui-tooling-android:1.7.0] AndroidManifest.xml:24:13-71
90            android:exported="true" />
90-->[androidx.compose.ui:ui-tooling-android:1.7.0] AndroidManifest.xml:25:13-36
91        <activity
91-->[androidx.compose.ui:ui-test-manifest:1.7.0] AndroidManifest.xml:23:9-25:39
92            android:name="androidx.activity.ComponentActivity"
92-->[androidx.compose.ui:ui-test-manifest:1.7.0] AndroidManifest.xml:24:13-63
93            android:exported="true" />
93-->[androidx.compose.ui:ui-test-manifest:1.7.0] AndroidManifest.xml:25:13-36
94
95        <provider
95-->[androidx.emoji2:emoji2:1.3.0] AndroidManifest.xml:24:9-32:20
96            android:name="androidx.startup.InitializationProvider"
96-->[androidx.emoji2:emoji2:1.3.0] AndroidManifest.xml:25:13-67
97            android:authorities="com.example.nailytics.androidx-startup"
97-->[androidx.emoji2:emoji2:1.3.0] AndroidManifest.xml:26:13-68
98            android:exported="false" >
98-->[androidx.emoji2:emoji2:1.3.0] AndroidManifest.xml:27:13-37
99            <meta-data
99-->[androidx.emoji2:emoji2:1.3.0] AndroidManifest.xml:29:13-31:52
100                android:name="androidx.emoji2.text.EmojiCompatInitializer"
100-->[androidx.emoji2:emoji2:1.3.0] AndroidManifest.xml:30:17-75
101                android:value="androidx.startup" />
101-->[androidx.emoji2:emoji2:1.3.0] AndroidManifest.xml:31:17-49
102            <meta-data
102-->[androidx.lifecycle:lifecycle-process:2.8.3] AndroidManifest.xml:29:13-31:52
103                android:name="androidx.lifecycle.ProcessLifecycleInitializer"
103-->[androidx.lifecycle:lifecycle-process:2.8.3] AndroidManifest.xml:30:17-78
104                android:value="androidx.startup" />
104-->[androidx.lifecycle:lifecycle-process:2.8.3] AndroidManifest.xml:31:17-49
105            <meta-data
105-->[androidx.profileinstaller:profileinstaller:1.4.0] AndroidManifest.xml:29:13-31:52
106                android:name="androidx.profileinstaller.ProfileInstallerInitializer"
106-->[androidx.profileinstaller:profileinstaller:1.4.0] AndroidManifest.xml:30:17-85
107                android:value="androidx.startup" />
107-->[androidx.profileinstaller:profileinstaller:1.4.0] AndroidManifest.xml:31:17-49
108        </provider>
109
110        <receiver
110-->[androidx.profileinstaller:profileinstaller:1.4.0] AndroidManifest.xml:34:9-52:20
111            android:name="androidx.profileinstaller.ProfileInstallReceiver"
111-->[androidx.profileinstaller:profileinstaller:1.4.0] AndroidManifest.xml:35:13-76
112            android:directBootAware="false"
112-->[androidx.profileinstaller:profileinstaller:1.4.0] AndroidManifest.xml:36:13-44
113            android:enabled="true"
113-->[androidx.profileinstaller:profileinstaller:1.4.0] AndroidManifest.xml:37:13-35
114            android:exported="true"
114-->[androidx.profileinstaller:profileinstaller:1.4.0] AndroidManifest.xml:38:13-36
115            android:permission="android.permission.DUMP" >
115-->[androidx.profileinstaller:profileinstaller:1.4.0] AndroidManifest.xml:39:13-57
116            <intent-filter>
116-->[androidx.profileinstaller:profileinstaller:1.4.0] AndroidManifest.xml:40:13-42:29
117                <action android:name="androidx.profileinstaller.action.INSTALL_PROFILE" />
117-->[androidx.profileinstaller:profileinstaller:1.4.0] AndroidManifest.xml:41:17-91
117-->[androidx.profileinstaller:profileinstaller:1.4.0] AndroidManifest.xml:41:25-88
118            </intent-filter>
119            <intent-filter>
119-->[androidx.profileinstaller:profileinstaller:1.4.0] AndroidManifest.xml:43:13-45:29
120                <action android:name="androidx.profileinstaller.action.SKIP_FILE" />
120-->[androidx.profileinstaller:profileinstaller:1.4.0] AndroidManifest.xml:44:17-85
120-->[androidx.profileinstaller:profileinstaller:1.4.0] AndroidManifest.xml:44:25-82
121            </intent-filter>
122            <intent-filter>
122-->[androidx.profileinstaller:profileinstaller:1.4.0] AndroidManifest.xml:46:13-48:29
123                <action android:name="androidx.profileinstaller.action.SAVE_PROFILE" />
123-->[androidx.profileinstaller:profileinstaller:1.4.0] AndroidManifest.xml:47:17-88
123-->[androidx.profileinstaller:profileinstaller:1.4.0] AndroidManifest.xml:47:25-85
124            </intent-filter>
125            <intent-filter>
125-->[androidx.profileinstaller:profileinstaller:1.4.0] AndroidManifest.xml:49:13-51:29
126                <action android:name="androidx.profileinstaller.action.BENCHMARK_OPERATION" />
126-->[androidx.profileinstaller:profileinstaller:1.4.0] AndroidManifest.xml:50:17-95
126-->[androidx.profileinstaller:profileinstaller:1.4.0] AndroidManifest.xml:50:25-92
127            </intent-filter>
128        </receiver>
129    </application>
130
131</manifest>